#
# A fatal error has been detected by the Java Runtime Environment:
#
#  EXCEPTION_ACCESS_VIOLATION (0xc0000005) at pc=0x000007fefdd311cb, pid=3920, tid=6416
#
# JRE version: 7.0_09-b05
# Java VM: Java HotSpot(TM) 64-Bit Server VM (23.5-b02 mixed mode windows-amd64 compressed oops)
# Problematic frame:
# C  [msvcrt.dll+0x11cb]  memcpy+0xeb
#
# Failed to write core dump. Minidumps are not enabled by default on client versions of Windows
#
# If you would like to submit a bug report, please visit:
#   http://bugreport.sun.com/bugreport/crash.jsp
# The crash happened outside the Java Virtual Machine in native code.
# See problematic frame for where to report the bug.
#

---------------  T H R E A D  ---------------

Current thread (0x000000000a9aa800):  JavaThread "LWJGL Application" [_thread_in_native, id=6416, stack(0x000000000c320000,0x000000000c420000)]

siginfo: ExceptionCode=0xc0000005, writing address 0x00000000004cef40

Registers:
RAX=0x0000000000000000, RBX=0x000000000a9aa9d8, RCX=0x00000000004cef60, RDX=0x00000000d0453740
RSP=0x000000000c41ee18, RBP=0x00000000004cef40, RSI=0x000000000c41ef38, RDI=0x00000000d0922680
R8 =0x0000000000000050, R9 =0x0000000000000002, R10=0x00000000feffffff, R11=0x00000000004cef40
R12=0x0000000000000000, R13=0x0000000000000014, R14=0x000000000c41ef38, R15=0x000000000a9aa800
RIP=0x000007fefdd311cb, EFLAGS=0x0000000000010206

Top of Stack: (sp=0x000000000c41ee18)
0x000000000c41ee18:   00000000655ab677 000000000a9aa9d8
0x000000000c41ee28:   00000000004cef40 000000000c41ef38
0x000000000c41ee38:   000000000d04e830 0000000000000022
0x000000000c41ee48:   00000000cb668d60 00000000f521e130
0x000000000c41ee58:   00000000023261f8 000000000c41ef00
0x000000000c41ee68:   0000000000000000 00000000cb668d60
0x000000000c41ee78:   00000000023323a8 0000000000000000
0x000000000c41ee88:   00000000023328d9 00000000cb5d15b8
0x000000000c41ee98:   00000000f521e130 0000000000000014
0x000000000c41eea8:   0000000000000000 000000005a8dca70
0x000000000c41eeb8:   000000000c41ef78 000000000c41eec0
0x000000000c41eec8:   0000000000000000 000000000c41ef38
0x000000000c41eed8:   00000000cb669830 0000000000000000
0x000000000c41eee8:   00000000cb668d60 0000000000000000
0x000000000c41eef8:   000000000c41ef20 000000000c41ef80
0x000000000c41ef08:   00000000023261f8 00000000d0976938 

Instructions: (pc=0x000007fefdd311cb)
0x000007fefdd311ab:   eb b9 49 8b c3 c3 49 81 f9 00 20 00 00 0f 83 d9
0x000007fefdd311bb:   45 01 00 48 8b 04 0a 4c 8b 54 0a 08 48 83 c1 20
0x000007fefdd311cb:   48 89 41 e0 4c 89 51 e8 48 8b 44 0a f0 4c 8b 54
0x000007fefdd311db:   0a f8 49 ff c9 48 89 41 f0 4c 89 51 f8 75 d4 49 


Register to memory mapping:

RAX=0x0000000000000000 is an unknown value
RBX=0x000000000a9aa9d8 is an unknown value
RCX=0x00000000004cef60 is an unknown value
RDX=0x00000000d0453740 is an oop
[Lcom.me.mygdxgame.world.objects.Block; 
 - klass: 'com/me/mygdxgame/world/objects/Block'[]
 - length: 1000000
RSP=0x000000000c41ee18 is pointing into the stack for thread: 0x000000000a9aa800
RBP=0x00000000004cef40 is an unknown value
RSI=0x000000000c41ef38 is pointing into the stack for thread: 0x000000000a9aa800
RDI=0x00000000d0922680 is an oop
[F 
 - klass: {type array float}
 - length: 20000
R8 =0x0000000000000050 is an unknown value
R9 =0x0000000000000002 is an unknown value
R10=0x00000000feffffff is an unallocated location in the heap
R11=0x00000000004cef40 is an unknown value
R12=0x0000000000000000 is an unknown value
R13=0x0000000000000014 is an unknown value
R14=0x000000000c41ef38 is pointing into the stack for thread: 0x000000000a9aa800
R15=0x000000000a9aa800 is a thread


Stack: [0x000000000c320000,0x000000000c420000],  sp=0x000000000c41ee18,  free space=1019k
Native frames: (J=compiled Java code, j=interpreted, Vv=VM code, C=native code)
C  [msvcrt.dll+0x11cb]  memcpy+0xeb

[error occurred during error reporting (printing native stack), id 0xc0000005]

Java frames: (J=compiled Java code, j=interpreted, Vv=VM code)
j  com.badlogic.gdx.utils.BufferUtils.copyJni([FLjava/nio/Buffer;II)V+0
j  com.badlogic.gdx.utils.BufferUtils.copy([FLjava/nio/Buffer;II)V+4
j  com.badlogic.gdx.graphics.glutils.VertexArray.setVertices([FII)V+7
j  com.badlogic.gdx.graphics.Mesh.setVertices([FII)Lcom/badlogic/gdx/graphics/Mesh;+7
j  com.badlogic.gdx.graphics.g2d.SpriteBatch.flush()V+76
j  com.badlogic.gdx.graphics.g2d.SpriteBatch.switchTexture(Lcom/badlogic/gdx/graphics/Texture;)V+1
j  com.badlogic.gdx.graphics.g2d.SpriteBatch.draw(Lcom/badlogic/gdx/graphics/Texture;[FII)V+38
j  com.badlogic.gdx.graphics.g2d.Sprite.draw(Lcom/badlogic/gdx/graphics/g2d/SpriteBatch;)V+12
j  com.me.mygdxgame.screen.GameScreen.render(F)V+305
j  com.badlogic.gdx.Game.render()V+19
j  com.badlogic.gdx.backends.lwjgl.LwjglApplication.mainLoop()V+642
j  com.badlogic.gdx.backends.lwjgl.LwjglApplication$1.run()V+27
v  ~StubRoutines::call_stub

---------------  P R O C E S S  ---------------

Java Threads: ( => current thread )
  0x000000000ec18000 JavaThread "Timer" [_thread_blocked, id=5576, stack(0x000000000b320000,0x000000000b420000)]
  0x000000000aa04000 JavaThread "LWJGL Timer" daemon [_thread_blocked, id=5684, stack(0x000000000f8f0000,0x000000000f9f0000)]
  0x00000000002ad000 JavaThread "DestroyJavaVM" [_thread_blocked, id=6928, stack(0x0000000002220000,0x0000000002320000)]
=>0x000000000a9aa800 JavaThread "LWJGL Application" [_thread_in_native, id=6416, stack(0x000000000c320000,0x000000000c420000)]
  0x000000000a91d000 JavaThread "AWT-Windows" daemon [_thread_in_native, id=5460, stack(0x0000000005980000,0x0000000005a80000)]
  0x000000000a8c2000 JavaThread "Java2D Disposer" daemon [_thread_blocked, id=6424, stack(0x000000000b120000,0x000000000b220000)]
  0x000000000a78d800 JavaThread "Service Thread" daemon [_thread_blocked, id=4292, stack(0x000000000af60000,0x000000000b060000)]
  0x000000000a77f800 JavaThread "C2 CompilerThread1" daemon [_thread_blocked, id=6500, stack(0x000000000ae20000,0x000000000af20000)]
  0x000000000a76b000 JavaThread "C2 CompilerThread0" daemon [_thread_blocked, id=6368, stack(0x000000000a110000,0x000000000a210000)]
  0x000000000a766000 JavaThread "Attach Listener" daemon [_thread_blocked, id=6588, stack(0x000000000a500000,0x000000000a600000)]
  0x000000000a765000 JavaThread "Signal Dispatcher" daemon [_thread_blocked, id=6512, stack(0x000000000abd0000,0x000000000acd0000)]
  0x0000000008727000 JavaThread "Finalizer" daemon [_thread_blocked, id=6832, stack(0x000000000a610000,0x000000000a710000)]
  0x000000000871f000 JavaThread "Reference Handler" daemon [_thread_blocked, id=6672, stack(0x000000000a3d0000,0x000000000a4d0000)]

Other Threads:
  0x0000000008715800 VMThread [stack: 0x000000000a250000,0x000000000a350000] [id=6592]
  0x000000000a796000 WatcherThread [stack: 0x000000000acd0000,0x000000000add0000] [id=4560]

VM state:not at safepoint (normal execution)

VM Mutex/Monitor currently owned by a thread: None

Heap
 PSYoungGen      total 80896K, used 38557K [0x00000000f00b0000, 0x00000000f7b20000, 0x0000000100000000)
  eden space 45184K, 23% used [0x00000000f00b0000,0x00000000f0b02a08,0x00000000f2cd0000)
  from space 35712K, 78% used [0x00000000f5210000,0x00000000f6d64a40,0x00000000f74f0000)
  to   space 38144K, 0% used [0x00000000f2cd0000,0x00000000f2cd0000,0x00000000f5210000)
 ParOldGen       total 89792K, used 44357K [0x00000000d0200000, 0x00000000d59b0000, 0x00000000f00b0000)
  object space 89792K, 49% used [0x00000000d0200000,0x00000000d2d515c0,0x00000000d59b0000)
 PSPermGen       total 21248K, used 9552K [0x00000000cb000000, 0x00000000cc4c0000, 0x00000000d0200000)
  object space 21248K, 44% used [0x00000000cb000000,0x00000000cb9542e8,0x00000000cc4c0000)

Card table byte_map: [0x0000000002070000,0x0000000002220000] byte_map_base: 0x0000000001a18000

Polling page: 0x0000000000100000

Code Cache  [0x0000000002320000, 0x0000000002590000, 0x0000000005320000)
 total_blobs=700 nmethods=245 adapters=406 free_code_cache=47985Kb largest_free_block=49101824

Compilation events (10 events):
Event: 13.861 Thread 0x000000000a76b000  228             javazoom.jl.decoder.LayerIIIDecoder::inv_mdct (2339 bytes)
Event: 13.865 Thread 0x000000000a77f800  229             javazoom.jl.decoder.BitReserve::hget1bit (36 bytes)
Event: 13.865 Thread 0x000000000a77f800 nmethod 229 0x0000000002426ad0 code [0x0000000002426c00, 0x0000000002426c98]
Event: 13.865 Thread 0x000000000a77f800  230             javazoom.jl.decoder.huffcodetab::huffman_decoder (475 bytes)
Event: 13.881 Thread 0x000000000a76b000 nmethod 228 0x0000000002444b50 code [0x00000000024450c0, 0x0000000002446498]
Event: 13.881 Thread 0x000000000a76b000  231             javazoom.jl.decoder.Bitstream::get_bits (164 bytes)
Event: 13.882 Thread 0x000000000a76b000 nmethod 231 0x0000000002441b90 code [0x0000000002441ce0, 0x0000000002441ef8]
Event: 13.894 Thread 0x000000000a76b000  232             javazoom.jl.decoder.Bitstream::parse_frame (149 bytes)
Event: 13.897 Thread 0x000000000a77f800 nmethod 230 0x0000000002449750 code [0x0000000002449960, 0x000000000244ae50]
Event: 13.898 Thread 0x000000000a76b000 nmethod 232 0x0000000002441450 code [0x00000000024415a0, 0x0000000002441978]

GC Heap History (10 events):
Event: 11.579 GC heap before
{Heap before GC invocations=6 (full 1):
 PSYoungGen      total 26048K, used 26048K [0x00000000f00b0000, 0x00000000f1cb0000, 0x0000000100000000)
  eden space 24064K, 100% used [0x00000000f00b0000,0x00000000f1830000,0x00000000f1830000)
  from space 1984K, 100% used [0x00000000f1ac0000,0x00000000f1cb0000,0x00000000f1cb0000)
  to   space 1984K, 0% used [0x00000000f18d0000,0x00000000f18d0000,0x00000000f1ac0000)
 ParOldGen       total 51008K, used 31323K [0x00000000d0200000, 0x00000000d33d0000, 0x00000000f00b0000)
  object space 51008K, 61% used [0x00000000d0200000,0x00000000d2096cd0,0x00000000d33d0000)
 PSPermGen       total 21248K, used 8127K [0x00000000cb000000, 0x00000000cc4c0000, 0x00000000d0200000)
  object space 21248K, 38% used [0x00000000cb000000,0x00000000cb7efea8,0x00000000cc4c0000)
Event: 11.659 GC heap after
Heap after GC invocations=6 (full 1):
 PSYoungGen      total 26688K, used 1984K [0x00000000f00b0000, 0x00000000f6450000, 0x0000000100000000)
  eden space 24704K, 0% used [0x00000000f00b0000,0x00000000f00b0000,0x00000000f18d0000)
  from space 1984K, 100% used [0x00000000f18d0000,0x00000000f1ac0000,0x00000000f1ac0000)
  to   space 27456K, 0% used [0x00000000f4980000,0x00000000f4980000,0x00000000f6450000)
 ParOldGen       total 55232K, used 55163K [0x00000000d0200000, 0x00000000d37f0000, 0x00000000f00b0000)
  object space 55232K, 99% used [0x00000000d0200000,0x00000000d37decd0,0x00000000d37f0000)
 PSPermGen       total 21248K, used 8127K [0x00000000cb000000, 0x00000000cc4c0000, 0x00000000d0200000)
  object space 21248K, 38% used [0x00000000cb000000,0x00000000cb7efea8,0x00000000cc4c0000)
}
Event: 11.659 GC heap before
{Heap before GC invocations=7 (full 2):
 PSYoungGen      total 26688K, used 1984K [0x00000000f00b0000, 0x00000000f6450000, 0x0000000100000000)
  eden space 24704K, 0% used [0x00000000f00b0000,0x00000000f00b0000,0x00000000f18d0000)
  from space 1984K, 100% used [0x00000000f18d0000,0x00000000f1ac0000,0x00000000f1ac0000)
  to   space 27456K, 0% used [0x00000000f4980000,0x00000000f4980000,0x00000000f6450000)
 ParOldGen       total 55232K, used 55163K [0x00000000d0200000, 0x00000000d37f0000, 0x00000000f00b0000)
  object space 55232K, 99% used [0x00000000d0200000,0x00000000d37decd0,0x00000000d37f0000)
 PSPermGen       total 21248K, used 8127K [0x00000000cb000000, 0x00000000cc4c0000, 0x00000000d0200000)
  object space 21248K, 38% used [0x00000000cb000000,0x00000000cb7efea8,0x00000000cc4c0000)
Event: 12.243 GC heap after
Heap after GC invocations=7 (full 2):
 PSYoungGen      total 26688K, used 0K [0x00000000f00b0000, 0x00000000f6450000, 0x0000000100000000)
  eden space 24704K, 0% used [0x00000000f00b0000,0x00000000f00b0000,0x00000000f18d0000)
  from space 1984K, 0% used [0x00000000f18d0000,0x00000000f18d0000,0x00000000f1ac0000)
  to   space 27456K, 0% used [0x00000000f4980000,0x00000000f4980000,0x00000000f6450000)
 ParOldGen       total 89792K, used 44317K [0x00000000d0200000, 0x00000000d59b0000, 0x00000000f00b0000)
  object space 89792K, 49% used [0x00000000d0200000,0x00000000d2d475b0,0x00000000d59b0000)
 PSPermGen       total 21248K, used 8127K [0x00000000cb000000, 0x00000000cc4c0000, 0x00000000d0200000)
  object space 21248K, 38% used [0x00000000cb000000,0x00000000cb7efea8,0x00000000cc4c0000)
}
Event: 12.278 GC heap before
{Heap before GC invocations=8 (full 2):
 PSYoungGen      total 26688K, used 24704K [0x00000000f00b0000, 0x00000000f6450000, 0x0000000100000000)
  eden space 24704K, 100% used [0x00000000f00b0000,0x00000000f18d0000,0x00000000f18d0000)
  from space 1984K, 0% used [0x00000000f18d0000,0x00000000f18d0000,0x00000000f1ac0000)
  to   space 27456K, 0% used [0x00000000f4980000,0x00000000f4980000,0x00000000f6450000)
 ParOldGen       total 89792K, used 44317K [0x00000000d0200000, 0x00000000d59b0000, 0x00000000f00b0000)
  object space 89792K, 49% used [0x00000000d0200000,0x00000000d2d475b0,0x00000000d59b0000)
 PSPermGen       total 21248K, used 8127K [0x00000000cb000000, 0x00000000cc4c0000, 0x00000000d0200000)
  object space 21248K, 38% used [0x00000000cb000000,0x00000000cb7efea8,0x00000000cc4c0000)
Event: 12.341 GC heap after
Heap after GC invocations=8 (full 2):
 PSYoungGen      total 59712K, used 24832K [0x00000000f00b0000, 0x00000000f61c0000, 0x0000000100000000)
  eden space 34880K, 0% used [0x00000000f00b0000,0x00000000f00b0000,0x00000000f22c0000)
  from space 24832K, 100% used [0x00000000f4980000,0x00000000f61c0000,0x00000000f61c0000)
  to   space 31552K, 0% used [0x00000000f2420000,0x00000000f2420000,0x00000000f42f0000)
 ParOldGen       total 89792K, used 44317K [0x00000000d0200000, 0x00000000d59b0000, 0x00000000f00b0000)
  object space 89792K, 49% used [0x00000000d0200000,0x00000000d2d475b0,0x00000000d59b0000)
 PSPermGen       total 21248K, used 8127K [0x00000000cb000000, 0x00000000cc4c0000, 0x00000000d0200000)
  object space 21248K, 38% used [0x00000000cb000000,0x00000000cb7efea8,0x00000000cc4c0000)
}
Event: 13.261 GC heap before
{Heap before GC invocations=9 (full 2):
 PSYoungGen      total 59712K, used 59712K [0x00000000f00b0000, 0x00000000f61c0000, 0x0000000100000000)
  eden space 34880K, 100% used [0x00000000f00b0000,0x00000000f22c0000,0x00000000f22c0000)
  from space 24832K, 100% used [0x00000000f4980000,0x00000000f61c0000,0x00000000f61c0000)
  to   space 31552K, 0% used [0x00000000f2420000,0x00000000f2420000,0x00000000f42f0000)
 ParOldGen       total 89792K, used 44317K [0x00000000d0200000, 0x00000000d59b0000, 0x00000000f00b0000)
  object space 89792K, 49% used [0x00000000d0200000,0x00000000d2d475b0,0x00000000d59b0000)
 PSPermGen       total 21248K, used 9143K [0x00000000cb000000, 0x00000000cc4c0000, 0x00000000d0200000)
  object space 21248K, 43% used [0x00000000cb000000,0x00000000cb8ede08,0x00000000cc4c0000)
Event: 13.338 GC heap after
Heap after GC invocations=9 (full 2):
 PSYoungGen      total 67840K, used 28294K [0x00000000f00b0000, 0x00000000f74f0000, 0x0000000100000000)
  eden space 36288K, 0% used [0x00000000f00b0000,0x00000000f00b0000,0x00000000f2420000)
  from space 31552K, 89% used [0x00000000f2420000,0x00000000f3fc1928,0x00000000f42f0000)
  to   space 35712K, 0% used [0x00000000f5210000,0x00000000f5210000,0x00000000f74f0000)
 ParOldGen       total 89792K, used 44357K [0x00000000d0200000, 0x00000000d59b0000, 0x00000000f00b0000)
  object space 89792K, 49% used [0x00000000d0200000,0x00000000d2d515c0,0x00000000d59b0000)
 PSPermGen       total 21248K, used 9143K [0x00000000cb000000, 0x00000000cc4c0000, 0x00000000d0200000)
  object space 21248K, 43% used [0x00000000cb000000,0x00000000cb8ede08,0x00000000cc4c0000)
}
Event: 13.647 GC heap before
{Heap before GC invocations=10 (full 2):
 PSYoungGen      total 67840K, used 64582K [0x00000000f00b0000, 0x00000000f74f0000, 0x0000000100000000)
  eden space 36288K, 100% used [0x00000000f00b0000,0x00000000f2420000,0x00000000f2420000)
  from space 31552K, 89% used [0x00000000f2420000,0x00000000f3fc1928,0x00000000f42f0000)
  to   space 35712K, 0% used [0x00000000f5210000,0x00000000f5210000,0x00000000f74f0000)
 ParOldGen       total 89792K, used 44357K [0x00000000d0200000, 0x00000000d59b0000, 0x00000000f00b0000)
  object space 89792K, 49% used [0x00000000d0200000,0x00000000d2d515c0,0x00000000d59b0000)
 PSPermGen       total 21248K, used 9144K [0x00000000cb000000, 0x00000000cc4c0000, 0x00000000d0200000)
  object space 21248K, 43% used [0x00000000cb000000,0x00000000cb8ee3b0,0x00000000cc4c0000)
Event: 13.711 GC heap after
Heap after GC invocations=10 (full 2):
 PSYoungGen      total 80896K, used 27986K [0x00000000f00b0000, 0x00000000f7b20000, 0x0000000100000000)
  eden space 45184K, 0% used [0x00000000f00b0000,0x00000000f00b0000,0x00000000f2cd0000)
  from space 35712K, 78% used [0x00000000f5210000,0x00000000f6d64a40,0x00000000f74f0000)
  to   space 38144K, 0% used [0x00000000f2cd0000,0x00000000f2cd0000,0x00000000f5210000)
 ParOldGen       total 89792K, used 44357K [0x00000000d0200000, 0x00000000d59b0000, 0x00000000f00b0000)
  object space 89792K, 49% used [0x00000000d0200000,0x00000000d2d515c0,0x00000000d59b0000)
 PSPermGen       total 21248K, used 9144K [0x00000000cb000000, 0x00000000cc4c0000, 0x00000000d0200000)
  object space 21248K, 43% used [0x00000000cb000000,0x00000000cb8ee3b0,0x00000000cc4c0000)
}

Deoptimization events (3 events):
Event: 7.282 Thread 0x000000000a9aa800 Uncommon trap 438 fr.pc 0x00000000023b0964
Event: 11.510 Thread 0x000000000a9aa800 Uncommon trap -83 fr.pc 0x00000000023c32dc
Event: 12.714 Thread 0x000000000a9aa800 Uncommon trap -12 fr.pc 0x00000000023ae780

Internal exceptions (10 events):
Event: 12.817 Thread 0x000000000a9aa800 Threw 0x00000000f089bd48 at C:\jdk7u1_64p\jdk7u9\hotspot\src\share\vm\prims\jvm.cpp:1166
Event: 12.818 Thread 0x000000000a9aa800 Threw 0x00000000f08a2b78 at C:\jdk7u1_64p\jdk7u9\hotspot\src\share\vm\prims\jvm.cpp:1166
Event: 12.819 Thread 0x000000000a9aa800 Threw 0x00000000f08aeb98 at C:\jdk7u1_64p\jdk7u9\hotspot\src\share\vm\prims\jvm.cpp:1166
Event: 12.820 Thread 0x000000000a9aa800 Threw 0x00000000f08c7fd0 at C:\jdk7u1_64p\jdk7u9\hotspot\src\share\vm\prims\jvm.cpp:1166
Event: 12.821 Thread 0x000000000a9aa800 Threw 0x00000000f08cbd20 at C:\jdk7u1_64p\jdk7u9\hotspot\src\share\vm\prims\jvm.cpp:1166
Event: 13.777 Thread 0x000000000a9aa800 Threw 0x00000000f065f518 at C:\jdk7u1_64p\jdk7u9\hotspot\src\share\vm\prims\jvm.cpp:1166
Event: 13.778 Thread 0x000000000a9aa800 Threw 0x00000000f0669b60 at C:\jdk7u1_64p\jdk7u9\hotspot\src\share\vm\prims\jvm.cpp:1166
Event: 13.778 Thread 0x000000000a9aa800 Threw 0x00000000f066dc78 at C:\jdk7u1_64p\jdk7u9\hotspot\src\share\vm\prims\jvm.cpp:1166
Event: 13.812 Thread 0x000000000a9aa800 Threw 0x00000000f0679828 at C:\jdk7u1_64p\jdk7u9\hotspot\src\share\vm\prims\jni.cpp:1631
Event: 13.854 Thread 0x000000000a9aa800 Threw 0x00000000f06ba238 at C:\jdk7u1_64p\jdk7u9\hotspot\src\share\vm\prims\jvm.cpp:1166

Events (10 events):
Event: 13.819 loading class 0x000000000a86d7f0
Event: 13.820 loading class 0x000000000a86d7f0 done
Event: 13.820 loading class 0x000000000a86d3b0
Event: 13.820 loading class 0x000000000a86d3b0 done
Event: 13.820 loading class 0x000000000a86f2b0
Event: 13.820 loading class 0x000000000a86f2b0 done
Event: 13.854 loading class 0x000000000a8699f0
Event: 13.854 loading class 0x000000000a8699f0 done
Event: 13.854 loading class 0x000000000a8bc090
Event: 13.854 loading class 0x000000000a8bc090 done


Dynamic libraries:
0x000000013f090000 - 0x000000013f0c4000 	C:\Program Files\Java\jre7\bin\javaw.exe
0x0000000077b80000 - 0x0000000077d29000 	C:\Windows\SYSTEM32\ntdll.dll
0x0000000077960000 - 0x0000000077a7f000 	C:\Windows\system32\kernel32.dll
0x000007fefce80000 - 0x000007fefceeb000 	C:\Windows\system32\KERNELBASE.dll
0x000007fefd220000 - 0x000007fefd2fb000 	C:\Windows\system32\ADVAPI32.dll
0x000007fefdd30000 - 0x000007fefddcf000 	C:\Windows\system32\msvcrt.dll
0x000007fefdd10000 - 0x000007fefdd2f000 	C:\Windows\SYSTEM32\sechost.dll
0x000007fefd420000 - 0x000007fefd54d000 	C:\Windows\system32\RPCRT4.dll
0x0000000077a80000 - 0x0000000077b7a000 	C:\Windows\system32\USER32.dll
0x000007fefd550000 - 0x000007fefd5b7000 	C:\Windows\system32\GDI32.dll
0x000007fefd090000 - 0x000007fefd09e000 	C:\Windows\system32\LPK.dll
0x000007feff060000 - 0x000007feff129000 	C:\Windows\system32\USP10.dll
0x000007fefb480000 - 0x000007fefb674000 	C:\Windows\WinSxS\amd64_microsoft.windows.common-controls_6595b64144ccf1df_6.0.7601.17514_none_fa396087175ac9ac\COMCTL32.dll
0x000007fefd3a0000 - 0x000007fefd411000 	C:\Windows\system32\SHLWAPI.dll
0x000007fefd060000 - 0x000007fefd08e000 	C:\Windows\system32\IMM32.DLL
0x000007fefd110000 - 0x000007fefd219000 	C:\Windows\system32\MSCTF.dll
0x0000000067900000 - 0x00000000679d1000 	C:\Program Files\Java\jre7\bin\msvcr100.dll
0x00000000671e0000 - 0x00000000678ff000 	C:\Program Files\Java\jre7\bin\server\jvm.dll
0x000007fef60e0000 - 0x000007fef60e9000 	C:\Windows\system32\WSOCK32.dll
0x000007fefd0a0000 - 0x000007fefd0ed000 	C:\Windows\system32\WS2_32.dll
0x000007fefdb20000 - 0x000007fefdb28000 	C:\Windows\system32\NSI.dll
0x000007fefac50000 - 0x000007fefac8b000 	C:\Windows\system32\WINMM.dll
0x0000000077d50000 - 0x0000000077d57000 	C:\Windows\system32\PSAPI.DLL
0x000000006bfe0000 - 0x000000006bfef000 	C:\Program Files\Java\jre7\bin\verify.dll
0x00000000671b0000 - 0x00000000671d8000 	C:\Program Files\Java\jre7\bin\java.dll
0x0000000067190000 - 0x00000000671a5000 	C:\Program Files\Java\jre7\bin\zip.dll
0x000000005d1b0000 - 0x000000005d343000 	C:\Program Files\Java\jre7\bin\awt.dll
0x000007fefeda0000 - 0x000007fefee77000 	C:\Windows\system32\OLEAUT32.dll
0x000007fefd5c0000 - 0x000007fefd7c3000 	C:\Windows\system32\ole32.dll
0x000007fefb3d0000 - 0x000007fefb426000 	C:\Windows\system32\uxtheme.dll
0x000007fefaff0000 - 0x000007fefb008000 	C:\Windows\system32\dwmapi.dll
0x000007fefcb00000 - 0x000007fefcb0f000 	C:\Windows\system32\CRYPTBASE.dll
0x0000000065580000 - 0x0000000065610000 	C:\Users\Israel\AppData\Local\Temp\libgdxIsrael\5498721d\gdx64.dll
0x0000000180000000 - 0x0000000180050000 	C:\Users\Israel\AppData\Local\Temp\libgdxIsrael\4c88a7c1\lwjgl64.dll
0x000007feecdf0000 - 0x000007feecf0d000 	C:\Windows\system32\OPENGL32.dll
0x000007fef0960000 - 0x000007fef098d000 	C:\Windows\system32\GLU32.dll
0x000007feec1b0000 - 0x000007feec2a1000 	C:\Windows\system32\DDRAW.dll
0x000007fefa350000 - 0x000007fefa358000 	C:\Windows\system32\DCIMAN32.dll
0x000007fefee80000 - 0x000007feff057000 	C:\Windows\system32\SETUPAPI.dll
0x000007fefcfc0000 - 0x000007fefcff6000 	C:\Windows\system32\CFGMGR32.dll
0x000007fefcf90000 - 0x000007fefcfaa000 	C:\Windows\system32\DEVOBJ.dll
0x000007fefbd30000 - 0x000007fefbd3c000 	C:\Windows\system32\VERSION.dll
0x00000000002b0000 - 0x0000000000314000 	C:\Users\Israel\AppData\Local\Temp\libgdxIsrael\4c88a7c1\OpenAL64.dll
0x000007fefe010000 - 0x000007fefed98000 	C:\Windows\system32\SHELL32.dll
0x000007fefd300000 - 0x000007fefd399000 	C:\Windows\system32\CLBCatQ.DLL
0x000007fefbc00000 - 0x000007fefbc4b000 	C:\Windows\System32\MMDevApi.dll
0x000007fefbad0000 - 0x000007fefbbfc000 	C:\Windows\System32\PROPSYS.dll
0x000007fee8480000 - 0x000007fee8508000 	C:\Windows\system32\dsound.dll
0x000007fefbc50000 - 0x000007fefbc7c000 	C:\Windows\system32\POWRPROF.dll
0x000007fefaa80000 - 0x000007fefaacf000 	C:\Windows\system32\AUDIOSES.DLL
0x000000005a070000 - 0x000000005bb27000 	C:\Windows\system32\nvoglv64.DLL
0x000007fefce30000 - 0x000007fefce6a000 	C:\Windows\system32\WINTRUST.dll
0x000007fefcc90000 - 0x000007fefcdfc000 	C:\Windows\system32\CRYPT32.dll
0x000007fefcc70000 - 0x000007fefcc7f000 	C:\Windows\system32\MSASN1.dll
0x000007fefae10000 - 0x000007fefae3d000 	C:\Windows\system32\ntmarta.dll
0x000007fefd000000 - 0x000007fefd052000 	C:\Windows\system32\WLDAP32.dll
0x000007fef0840000 - 0x000007fef08dc000 	C:\Windows\system32\mscms.dll
0x000007fefbf10000 - 0x000007fefbf2e000 	C:\Windows\system32\USERENV.dll
0x000007fefcbd0000 - 0x000007fefcbdf000 	C:\Windows\system32\profapi.dll
0x000007fee8430000 - 0x000007fee8472000 	C:\Windows\system32\icm32.dll
0x000000006a740000 - 0x000000006a7e3000 	C:\Users\Israel\AppData\Local\Temp\libgdxIsrael\4bfe5a6e\gdx-freetype64.dll
0x000007fef9840000 - 0x000007fef9965000 	C:\Windows\system32\dbghelp.dll

VM Arguments:
jvm_args: -Dfile.encoding=UTF-8 
java_command: com.me.mygdxgame.Main
Launcher Type: SUN_STANDARD

Environment Variables:
PATH=C:\Program Files (x86)\NVIDIA Corporation\PhysX\Common;C:\Ruby193\bin;C:\Program Files (x86)\Common Files\Microsoft Shared\Windows Live;C:\Windows\system32;C:\Windows;C:\Windows\System32\Wbem;C:\Windows\System32\WindowsPowerShell\v1.0\;C:\Program Files (x86)\nodejs\;C:\Program Files (x86)\Heroku\bin;C:\Program Files (x86)\git\cmd;C:\Program Files\Microsoft\Web Platform Installer\;C:\Program Files (x86)\Microsoft ASP.NET\ASP.NET Web Pages\v1.0\;C:\Program Files\Microsoft SQL Server\110\Tools\Binn\;C:\Program Files\Java\jdk1.7.0_09\bin;C:\Users\Israel\AppData\Roaming\npm\
USERNAME=Israel
OS=Windows_NT
PROCESSOR_IDENTIFIER=Intel64 Family 6 Model 26 Stepping 4, GenuineIntel



---------------  S Y S T E M  ---------------

OS: Windows 7 , 64 bit Build 7601 Service Pack 1

CPU:total 8 (4 cores per cpu, 2 threads per core) family 6 model 26 stepping 4, cmov, cx8, fxsr, mmx, sse, sse2, sse3, ssse3, sse4.1, sse4.2, popcnt, ht, tsc, tscinvbit, tscinv

Memory: 4k page, physical 3136632k(490416k free), swap 17470768k(11616528k free)

vm_info: Java HotSpot(TM) 64-Bit Server VM (23.5-b02) for windows-amd64 JRE (1.7.0_09-b05), built on Sep 24 2012 21:45:04 by "java_re" with unknown MS VC++:1600

time: Wed Feb 05 13:01:45 2014
elapsed time: 14 seconds

